<?xml version="1.0" encoding="UTF-8"?>
<!-- Generated by org.testng.reporters.JUnitReportReporter -->
<testsuite hostname="DESKTOP-S8J8GPP" name="com.testng.methodrun.B" tests="2" failures="0" timestamp="16 Apr 2020 06:48:52 GMT" time="0.002" errors="0">
  <testcase name="t2" time="0.001" classname="com.testng.methodrun.B"/>
  <testcase name="t4" time="0.001" classname="com.testng.methodrun.B"/>
</testsuite> <!-- com.testng.methodrun.B -->
