<?xml version="1.0" encoding="UTF-8"?>
<!-- Generated by org.testng.reporters.JUnitReportReporter -->
<testsuite hostname="DESKTOP-S8J8GPP" name="com.testng.groups.TestGroups" tests="2" failures="0" timestamp="14 Apr 2020 14:43:48 GMT" time="0.020" errors="0">
  <testcase name="test2" time="0.002" classname="com.testng.groups.TestGroups"/>
  <testcase name="test1" time="0.018" classname="com.testng.groups.TestGroups"/>
</testsuite> <!-- com.testng.groups.TestGroups -->
