<?xml version="1.0" encoding="UTF-8"?>
<!-- Generated by org.testng.reporters.JUnitReportReporter -->
<testsuite hostname="DESKTOP-S8J8GPP" name="com.testng.methodrun.A" tests="2" failures="0" timestamp="16 Apr 2020 06:48:52 GMT" time="0.023" errors="0">
  <testcase name="t3" time="0.001" classname="com.testng.methodrun.A"/>
  <testcase name="t1" time="0.022" classname="com.testng.methodrun.A"/>
</testsuite> <!-- com.testng.methodrun.A -->
