<?xml version="1.0" encoding="UTF-8"?>
<!-- Generated by org.testng.reporters.JUnitReportReporter -->
<testsuite hostname="DESKTOP-S8J8GPP" name="TestNGFremWork.TestNGFramework.Demo" tests="1" failures="0" timestamp="8 Apr 2020 14:22:52 GMT" time="0.034" errors="0">
  <testcase name="demo" time="0.034" classname="TestNGFremWork.TestNGFramework.Demo"/>
</testsuite> <!-- TestNGFremWork.TestNGFramework.Demo -->
