<?xml version="1.0" encoding="UTF-8"?>
<!-- Generated by org.testng.reporters.JUnitReportReporter -->
<testsuite hostname="DESKTOP-S8J8GPP" name="com.testng.demo.practice.demoTest" tests="2" failures="0" timestamp="16 Apr 2020 07:00:17 GMT" time="0.030" errors="0">
  <testcase name="my" time="0.026" classname="com.testng.demo.practice.demoTest"/>
  <testcase name="test1" time="0.004" classname="com.testng.demo.practice.demoTest"/>
</testsuite> <!-- com.testng.demo.practice.demoTest -->
