<?xml version="1.0" encoding="UTF-8"?>
<!-- Generated by org.testng.reporters.JUnitReportReporter -->
<testsuite hostname="DESKTOP-S8J8GPP" name="com.testng.inconvationtime.TestInvocationTime" tests="1" failures="0" timestamp="25 Apr 2020 05:46:52 GMT" time="0.016" errors="0">
  <testcase name="PrintTest" time="0.016" classname="com.testng.inconvationtime.TestInvocationTime"/>
</testsuite> <!-- com.testng.inconvationtime.TestInvocationTime -->
