<?xml version="1.0" encoding="UTF-8"?>
<!-- Generated by org.testng.reporters.JUnitReportReporter -->
<testsuite hostname="DESKTOP-S8J8GPP" name="com.testng.ItestListener.TestDemo" tests="1" failures="0" timestamp="16 Apr 2020 05:28:17 GMT" time="0.020" errors="0">
  <testcase name="Test2" time="0.020" classname="com.testng.ItestListener.TestDemo"/>
</testsuite> <!-- com.testng.ItestListener.TestDemo -->
