<?xml version="1.0" encoding="UTF-8"?>
<!-- Generated by org.testng.reporters.JUnitReportReporter -->
<testsuite hostname="DESKTOP-S8J8GPP" name="com.testng.basicanotaions.BasicTest" tests="1" failures="0" timestamp="14 Apr 2020 11:37:31 GMT" time="0.007" errors="0">
  <testcase name="test" time="0.007" classname="com.testng.basicanotaions.BasicTest"/>
</testsuite> <!-- com.testng.basicanotaions.BasicTest -->
