<?xml version="1.0" encoding="UTF-8"?>
<!-- Generated by org.testng.reporters.JUnitReportReporter -->
<testsuite hostname="DESKTOP-S8J8GPP" name="com.testng.factory.TestData" tests="6" failures="0" timestamp="16 Apr 2020 08:18:37 GMT" time="0.028" errors="0">
  <testcase name="mytest" time="0.001" classname="com.testng.factory.TestData"/>
  <testcase name="mytest1" time="0.002" classname="com.testng.factory.TestData"/>
  <testcase name="mytest" time="0.002" classname="com.testng.factory.TestData"/>
  <testcase name="mytest1" time="0.002" classname="com.testng.factory.TestData"/>
  <testcase name="mytest1" time="0.001" classname="com.testng.factory.TestData"/>
  <testcase name="mytest" time="0.020" classname="com.testng.factory.TestData"/>
</testsuite> <!-- com.testng.factory.TestData -->
