<?xml version="1.0" encoding="UTF-8"?>
<!-- Generated by org.testng.reporters.JUnitReportReporter -->
<testsuite hostname="DESKTOP-S8J8GPP" name="com.testng.regx.regressionTest" tests="1" failures="0" timestamp="14 Apr 2020 14:53:38 GMT" time="0.019" errors="0">
  <testcase name="mydata" time="0.019" classname="com.testng.regx.regressionTest"/>
</testsuite> <!-- com.testng.regx.regressionTest -->
