<?xml version="1.0" encoding="UTF-8"?>
<!-- Generated by org.testng.reporters.JUnitReportReporter -->
<testsuite hostname="DESKTOP-S8J8GPP" name="com.testng.basicanotaions.Demotest" tests="6" failures="0" timestamp="14 Apr 2020 11:54:56 GMT" time="0.024" errors="0">
  <testcase name="test4" time="0.001" classname="com.testng.basicanotaions.Demotest"/>
  <testcase name="test5" time="0.002" classname="com.testng.basicanotaions.Demotest"/>
  <testcase name="test2" time="0.017" classname="com.testng.basicanotaions.Demotest"/>
  <testcase name="test3" time="0.001" classname="com.testng.basicanotaions.Demotest"/>
  <testcase name="test1" time="0.001" classname="com.testng.basicanotaions.Demotest"/>
  <testcase name="test6" time="0.002" classname="com.testng.basicanotaions.Demotest"/>
</testsuite> <!-- com.testng.basicanotaions.Demotest -->
