<?xml version="1.0" encoding="UTF-8"?>
<!-- Generated by org.testng.reporters.JUnitReportReporter -->
<testsuite skipped="0" hostname="DESKTOP-S8J8GPP" name="com.testng.basicanotaions.BasicTest" tests="1" failures="0" timestamp="2020-04-14T17:12:26 IST" time="0.012" errors="0">
  <testcase name="test" time="0.012" classname="com.testng.basicanotaions.BasicTest"/>
  <system-out/>
</testsuite> <!-- com.testng.basicanotaions.BasicTest -->
